<?xml version="1.0" encoding="UTF-8"?>
<testsuite name="SampleTest" tests="1" skipped="0" failures="0" errors="0" timestamp="2021-12-18T18:27:08" hostname="Shaloms-MacBook-Pro.local" time="0.03">
  <properties/>
  <testcase name="canBeHeard()" classname="SampleTest" time="0.03"/>
  <system-out><![CDATA[]]></system-out>
  <system-err><![CDATA[]]></system-err>
</testsuite>
